2009-08-30 08:07:45 Notice: Notice (8): Undefined index:  cat in [/var/htdocs/oohaheats2/app/views/categories/index.ctp, line 9]
2009-08-30 08:07:45 Notice: Notice (8): Undefined index:  cat in [/var/htdocs/oohaheats2/app/views/categories/index.ctp, line 10]
2009-08-31 21:48:37 Notice: Notice (8): Undefined property:  RecipesController::$Category in [/var/htdocs/oohaheats2/app/controllers/recipes_controller.php, line 9]
2009-08-31 21:48:51 Notice: Notice (8): Undefined property:  RecipesController::$Recipe in [/var/htdocs/oohaheats2/app/controllers/recipes_controller.php, line 9]
2009-08-31 21:50:14 Notice: Notice (8): Undefined property:  RecipesController::$Recipe in [/var/htdocs/oohaheats2/app/controllers/recipes_controller.php, line 9]
2009-08-31 21:51:38 Notice: Notice (8): Undefined property:  RecipesController::$Recipe in [/var/htdocs/oohaheats2/app/controllers/recipes_controller.php, line 9]
2009-08-31 21:51:58 Notice: Notice (8): Undefined index:  id in [/var/htdocs/oohaheats2/app/views/recipes/index.ctp, line 12]
2009-08-31 21:53:05 Notice: Notice (8): Undefined property:  RecipesController::$Recipe in [/var/htdocs/oohaheats2/app/controllers/recipes_controller.php, line 9]
2009-08-31 21:53:17 Notice: Notice (8): Undefined property:  RecipesController::$Recipe in [/var/htdocs/oohaheats2/app/controllers/recipes_controller.php, line 9]
2009-08-31 21:55:35 Notice: Notice (8): Undefined index:  category in [/var/htdocs/oohaheats2/app/views/recipes/index.ctp, line 15]
2009-08-31 21:55:51 Notice: Notice (8): Undefined index:  Category in [/var/htdocs/oohaheats2/app/views/recipes/index.ctp, line 15]
2009-08-31 21:56:41 Notice: Notice (8): Undefined index:  category in [/var/htdocs/oohaheats2/app/views/recipes/index.ctp, line 15]
2009-08-31 22:05:26 Notice: Notice (8): Undefined property:  Recipe::$Category in [/var/htdocs/oohaheats2/app/controllers/recipes_controller.php, line 9]
2009-08-31 22:08:25 Notice: Notice (8): Undefined index:  Category in [/var/htdocs/oohaheats2/app/views/recipes/index.ctp, line 15]
2009-08-31 22:08:38 Notice: Notice (8): Use of undefined constant php - assumed 'php' in [/var/htdocs/oohaheats2/app/views/recipes/index.ctp, line 15]
2009-08-31 22:09:53 Notice: Notice (8): Undefined index:  Category in [/var/htdocs/oohaheats2/app/views/recipes/index.ctp, line 15]
2009-08-31 22:21:36 Notice: Notice (8): Undefined index:  Ingredients in [/var/htdocs/oohaheats2/app/views/recipes/index.ctp, line 18]
2009-08-31 22:21:36 Notice: Notice (8): Undefined index:  Steps in [/var/htdocs/oohaheats2/app/views/recipes/index.ctp, line 28]
2009-08-31 22:21:52 Notice: Notice (8): Undefined variable: step in [/var/htdocs/oohaheats2/app/views/recipes/index.ctp, line 20]
2009-08-31 22:21:53 Notice: Notice (8): Undefined variable: step in [/var/htdocs/oohaheats2/app/views/recipes/index.ctp, line 21]
2009-08-31 22:23:28 Notice: Notice (8): Undefined index:  Item in [/var/htdocs/oohaheats2/app/views/recipes/index.ctp, line 22]
2009-08-31 22:24:34 Notice: Notice (8): Undefined index:  Item in [/var/htdocs/oohaheats2/app/views/recipes/index.ctp, line 22]
2009-08-31 22:24:58 Notice: Notice (8): Undefined index:  Item in [/var/htdocs/oohaheats2/app/views/recipes/index.ctp, line 22]
2009-08-31 22:25:29 Notice: Notice (8): Undefined index:  Item in [/var/htdocs/oohaheats2/app/views/recipes/index.ctp, line 22]
2009-08-31 22:26:05 Notice: Notice (8): Undefined index:  item in [/var/htdocs/oohaheats2/app/views/recipes/index.ctp, line 22]
2009-08-31 22:27:26 Notice: Notice (8): Undefined index:  Item in [/var/htdocs/oohaheats2/app/views/recipes/index.ctp, line 22]
2009-08-31 22:27:36 Notice: Notice (8): Undefined index:  Item in [/var/htdocs/oohaheats2/app/views/recipes/index.ctp, line 22]
2009-08-31 22:28:33 Notice: Notice (8): Undefined index:  Item in [/var/htdocs/oohaheats2/app/views/recipes/index.ctp, line 29]
2009-09-05 06:56:15 Notice: Notice (8): Undefined index:  Item in [/var/htdocs/oohaheats2/app/views/recipes/index.ctp, line 29]
2009-09-05 20:06:25 Notice: Notice (8): Undefined index:  Item in [/var/htdocs/oohaheats2/app/views/recipes/index.ctp, line 29]
